mode: set
/home/utenti.unimi.it/filippo.corti1/Documents/Programmazione-Linux/Go_From_LinuxVM/Testing/integra.go:10.58,12.25 2 0
/home/utenti.unimi.it/filippo.corti1/Documents/Programmazione-Linux/Go_From_LinuxVM/Testing/integra.go:17.2,17.10 1 0
/home/utenti.unimi.it/filippo.corti1/Documents/Programmazione-Linux/Go_From_LinuxVM/Testing/integra.go:12.25,16.3 3 0
/home/utenti.unimi.it/filippo.corti1/Documents/Programmazione-Linux/Go_From_LinuxVM/Testing/integra.go:20.13,21.46 1 0
/home/utenti.unimi.it/filippo.corti1/Documents/Programmazione-Linux/Go_From_LinuxVM/Testing/integra.go:24.2,24.52 1 0
/home/utenti.unimi.it/filippo.corti1/Documents/Programmazione-Linux/Go_From_LinuxVM/Testing/integra.go:21.46,23.3 1 0
